  main.cpp
c:\users\tristan\source\repos\consoleapplication2\consoleapplication2\geometry.h(11): warning C4018: '<' : incompatibilité signed/unsigned
c:\users\tristan\source\repos\consoleapplication2\consoleapplication2\geometry.h(52): warning C4018: '<' : incompatibilité signed/unsigned
c:\users\tristan\source\repos\consoleapplication2\consoleapplication2\geometry.h(275): warning C4018: '<' : incompatibilité signed/unsigned
c:\users\tristan\source\repos\consoleapplication2\consoleapplication2\scene.h(37): warning C4018: '<' : incompatibilité signed/unsigned
c:\users\tristan\source\repos\consoleapplication2\consoleapplication2\scene.h(162): warning C4244: 'initialisation' : conversion de 'double' en 'float', perte possible de données
c:\users\tristan\source\repos\consoleapplication2\consoleapplication2\main.cpp(37): warning C4091: '' : ignoré à gauche de 'std::vector<int,std::allocator<_Ty>>' quand aucune variable n'est déclarée
          with
          [
              _Ty=int
          ]
c:\users\tristan\source\repos\consoleapplication2\consoleapplication2\main.cpp(117): warning C4244: '=' : conversion de 'double' en '_Ty', perte possible de données
          with
          [
              _Ty=unsigned char
          ]
c:\users\tristan\source\repos\consoleapplication2\consoleapplication2\main.cpp(118): warning C4244: '=' : conversion de 'double' en '_Ty', perte possible de données
          with
          [
              _Ty=unsigned char
          ]
c:\users\tristan\source\repos\consoleapplication2\consoleapplication2\main.cpp(119): warning C4244: '=' : conversion de 'double' en '_Ty', perte possible de données
          with
          [
              _Ty=unsigned char
          ]
  ConsoleApplication2.vcxproj -> C:\Users\Tristan\source\repos\ConsoleApplication2\Debug\TD.exe
